[0.405][INFO]: COMMAND InitSession {
   "desiredCapabilities": {
      "browserName": "chrome",
      "chromeOptions": {
         "args": [  ],
         "extensions": [  ]
      },
      "platform": "ANY",
      "version": ""
   }
}
[0.408][INFO]: Populating Preferences file: {
   "alternate_error_pages": {
      "enabled": false
   },
   "autofill": {
      "enabled": false
   },
   "browser": {
      "check_default_browser": false
   },
   "distribution": {
      "import_bookmarks": false,
      "import_history": false,
      "import_search_engine": false,
      "make_chrome_default_for_user": false,
      "show_welcome_page": false,
      "skip_first_run_ui": true
   },
   "dns_prefetching": {
      "enabled": false
   },
   "profile": {
      "content_settings": {
         "pattern_pairs": {
            "https://*,*": {
               "media-stream": {
                  "audio": "Default",
                  "video": "Default"
               }
            }
         }
      },
      "default_content_setting_values": {
         "geolocation": 1
      },
      "default_content_settings": {
         "geolocation": 1,
         "mouselock": 1,
         "notifications": 1,
         "popups": 1,
         "ppapi-broker": 1
      },
      "password_manager_enabled": false
   },
   "safebrowsing": {
      "enabled": false
   },
   "search": {
      "suggest_enabled": false
   },
   "translate": {
      "enabled": false
   }
}
[0.424][INFO]: Populating Local State file: {
   "background_mode": {
      "enabled": false
   },
   "ssl": {
      "rev_checking": {
         "enabled": false
      }
   }
}
[0.490][INFO]: Launching chrome: /Applications/Google Chrome.app/Contents/MacOS/Google Chrome --disable-background-networking --disable-client-side-phishing-detection --disable-component-update --disable-default-apps --disable-hang-monitor --disable-infobars --disable-popup-blocking --disable-prompt-on-repost --disable-sync --disable-web-resources --enable-logging --ignore-certificate-errors --load-component-extension=/var/folders/x9/pmdl9s7554gbm6f3_gtff1rw0000gn/T/.org.chromium.Chromium.dH40Ev/internal --log-level=0 --metrics-recording-only --no-first-run --password-store=basic --remote-debugging-port=12672 --safebrowsing-disable-auto-update --test-type=webdriver --use-mock-keychain --user-data-dir=/var/folders/x9/pmdl9s7554gbm6f3_gtff1rw0000gn/T/.org.chromium.Chromium.DPNwVp data:,
[1.642][INFO]: resolved localhost to ["::1","127.0.0.1"]
[1.655][INFO]: RESPONSE InitSession {
   "acceptSslCerts": true,
   "applicationCacheEnabled": false,
   "browserConnectionEnabled": false,
   "browserName": "chrome",
   "chrome": {
      "chromedriverVersion": "2.25.426935 (820a95b0b81d33e42712f9198c215f703412e1a1)",
      "userDataDir": "/var/folders/x9/pmdl9s7554gbm6f3_gtff1rw0000gn/T/.org.chromium.Chromium.DPNwVp"
   },
   "cssSelectorsEnabled": true,
   "databaseEnabled": false,
   "handlesAlerts": true,
   "hasTouchScreen": false,
   "javascriptEnabled": true,
   "locationContextEnabled": true,
   "mobileEmulationEnabled": false,
   "nativeEvents": true,
   "networkConnectionEnabled": false,
   "pageLoadStrategy": "normal",
   "platform": "Mac OS X",
   "rotatable": false,
   "takesHeapSnapshot": true,
   "takesScreenshot": true,
   "~~~": "..."
}
[41.710][INFO]: COMMAND SetTimeout {
   "ms": 2000,
   "type": "implicit"
}
[41.710][INFO]: RESPONSE SetTimeout
[72.793][INFO]: COMMAND Navigate {
   "url": "www.tradeo.com"
}
[72.793][INFO]: Waiting for pending navigations...
[72.802][INFO]: Done waiting for pending navigations. Status: ok
[72.803][INFO]: Waiting for pending navigations...
[72.804][INFO]: Done waiting for pending navigations. Status: ok
[72.804][INFO]: RESPONSE Navigate unknown error: unhandled inspector error: {"code":-32603,"message":"Cannot navigate to invalid URL"}
  (Session info: chrome=54.0.2840.98)
